<?xml version="1.0" encoding="UTF-8"?>
<testsuite name="com.supermarket.application.ApplicationTests" tests="1" skipped="0" failures="0" errors="0" timestamp="2023-02-10T13:19:02" hostname="DESKTOP-16M7MK4" time="0.241">
  <properties/>
  <testcase name="contextLoads()" classname="com.supermarket.application.ApplicationTests" time="0.241"/>
  <system-out><![CDATA[16:18:53.193 [Test worker] DEBUG org.springframework.test.context.BootstrapUtils - Instantiating CacheAwareContextLoaderDelegate from class [org.springframework.test.context.cache.DefaultCacheAwareContextLoaderDelegate]
16:18:53.211 [Test worker] DEBUG org.springframework.test.context.BootstrapUtils - Instantiating BootstrapContext using constructor [public org.springframework.test.context.support.DefaultBootstrapContext(java.lang.Class,org.springframework.test.context.CacheAwareContextLoaderDelegate)]
16:18:53.262 [Test worker] DEBUG org.springframework.test.context.BootstrapUtils - Instantiating TestContextBootstrapper for test class [com.supermarket.application.ApplicationTests] from class [org.springframework.boot.test.context.SpringBootTestContextBootstrapper]
16:18:53.281 [Test worker] INFO org.springframework.boot.test.context.SpringBootTestContextBootstrapper - Neither @ContextConfiguration nor @ContextHierarchy found for test class [com.supermarket.application.ApplicationTests], using SpringBootContextLoader
16:18:53.287 [Test worker] DEBUG org.springframework.test.context.support.AbstractContextLoader - Did not detect default resource location for test class [com.supermarket.application.ApplicationTests]: class path resource [com/supermarket/application/ApplicationTests-context.xml] does not exist
16:18:53.288 [Test worker] DEBUG org.springframework.test.context.support.AbstractContextLoader - Did not detect default resource location for test class [com.supermarket.application.ApplicationTests]: class path resource [com/supermarket/application/ApplicationTestsContext.groovy] does not exist
16:18:53.288 [Test worker] INFO org.springframework.test.context.support.AbstractContextLoader - Could not detect default resource locations for test class [com.supermarket.application.ApplicationTests]: no resource found for suffixes {-context.xml, Context.groovy}.
16:18:53.289 [Test worker] INFO org.springframework.test.context.support.AnnotationConfigContextLoaderUtils - Could not detect default configuration classes for test class [com.supermarket.application.ApplicationTests]: ApplicationTests does not declare any static, non-private, non-final, nested classes annotated with @Configuration.
16:18:53.369 [Test worker] DEBUG org.springframework.test.context.support.ActiveProfilesUtils - Could not find an 'annotation declaring class' for annotation type [org.springframework.test.context.ActiveProfiles] and class [com.supermarket.application.ApplicationTests]
16:18:53.494 [Test worker] DEBUG org.springframework.context.annotation.ClassPathScanningCandidateComponentProvider - Identified candidate component class: file [C:\Users\bereket\Downloads\application (1)\application\build\classes\java\main\com\supermarket\application\Application.class]
16:18:53.496 [Test worker] INFO org.springframework.boot.test.context.SpringBootTestContextBootstrapper - Found @SpringBootConfiguration com.supermarket.application.Application for test class com.supermarket.application.ApplicationTests
16:18:53.689 [Test worker] DEBUG org.springframework.boot.test.context.SpringBootTestContextBootstrapper - @TestExecutionListeners is not present for class [com.supermarket.application.ApplicationTests]: using defaults.
16:18:53.690 [Test worker] INFO org.springframework.boot.test.context.SpringBootTestContextBootstrapper - Loaded default TestExecutionListener class names from location [META-INF/spring.factories]: [org.springframework.boot.test.autoconfigure.restdocs.RestDocsTestExecutionListener, org.springframework.boot.test.autoconfigure.web.client.MockRestServiceServerResetTestExecutionListener, org.springframework.boot.test.autoconfigure.web.servlet.MockMvcPrintOnlyOnFailureTestExecutionListener, org.springframework.boot.test.autoconfigure.web.servlet.WebDriverTestExecutionListener, org.springframework.boot.test.autoconfigure.webservices.client.MockWebServiceServerTestExecutionListener, org.springframework.boot.test.mock.mockito.MockitoTestExecutionListener, org.springframework.boot.test.mock.mockito.ResetMocksTestExecutionListener, org.springframework.test.context.web.ServletTestExecutionListener, org.springframework.test.context.support.DirtiesContextBeforeModesTestExecutionListener, org.springframework.test.context.event.ApplicationEventsTestExecutionListener, org.springframework.test.context.support.DependencyInjectionTestExecutionListener, org.springframework.test.context.support.DirtiesContextTestExecutionListener, org.springframework.test.context.transaction.TransactionalTestExecutionListener, org.springframework.test.context.jdbc.SqlScriptsTestExecutionListener, org.springframework.test.context.event.EventPublishingTestExecutionListener]
16:18:53.711 [Test worker] INFO org.springframework.boot.test.context.SpringBootTestContextBootstrapper - Using TestExecutionListeners: [org.springframework.test.context.web.ServletTestExecutionListener@73e132e0, org.springframework.test.context.support.DirtiesContextBeforeModesTestExecutionListener@3773862a, org.springframework.test.context.event.ApplicationEventsTestExecutionListener@2472c7d8, org.springframework.boot.test.mock.mockito.MockitoTestExecutionListener@589b028e, org.springframework.boot.test.autoconfigure.SpringBootDependencyInjectionTestExecutionListener@22175d4f, org.springframework.test.context.support.DirtiesContextTestExecutionListener@9fecdf1, org.springframework.test.context.transaction.TransactionalTestExecutionListener@3b809711, org.springframework.test.context.jdbc.SqlScriptsTestExecutionListener@3b0f7d9d, org.springframework.test.context.event.EventPublishingTestExecutionListener@236ab296, org.springframework.boot.test.autoconfigure.restdocs.RestDocsTestExecutionListener@5c84624f, org.springframework.boot.test.autoconfigure.web.client.MockRestServiceServerResetTestExecutionListener@63034ed1, org.springframework.boot.test.autoconfigure.web.servlet.MockMvcPrintOnlyOnFailureTestExecutionListener@232024b9, org.springframework.boot.test.autoconfigure.web.servlet.WebDriverTestExecutionListener@55a8dc49, org.springframework.boot.test.autoconfigure.webservices.client.MockWebServiceServerTestExecutionListener@2a415aa9, org.springframework.boot.test.mock.mockito.ResetMocksTestExecutionListener@53cdecf6]
16:18:53.753 [Test worker] DEBUG org.springframework.test.context.support.AbstractDirtiesContextTestExecutionListener - Before test class: context [DefaultTestContext@553f3b6e testClass = ApplicationTests, testInstance = [null], testMethod = [null], testException = [null], mergedContextConfiguration = [WebMergedContextConfiguration@4c7a078 testClass = ApplicationTests, locations = '{}', classes = '{class com.supermarket.application.Application}', contextInitializerClasses = '[]', activeProfiles = '{}', propertySourceLocations = '{}', propertySourceProperties = '{org.springframework.boot.test.context.SpringBootTestContextBootstrapper=true}', contextCustomizers = set[org.springframework.boot.test.autoconfigure.actuate.metrics.MetricsExportContextCustomizerFactory$DisableMetricExportContextCustomizer@55b5f5d2, org.springframework.boot.test.autoconfigure.properties.PropertyMappingContextCustomizer@0, org.springframework.boot.test.autoconfigure.web.servlet.WebDriverContextCustomizerFactory$Customizer@242aa8d9, org.springframework.boot.test.context.filter.ExcludeFilterContextCustomizer@4721d212, org.springframework.boot.test.json.DuplicateJsonObjectContextCustomizerFactory$DuplicateJsonObjectContextCustomizer@62dae540, org.springframework.boot.test.mock.mockito.MockitoContextCustomizer@0, org.springframework.boot.test.web.client.TestRestTemplateContextCustomizer@3c435123, org.springframework.boot.test.context.SpringBootTestArgs@1, org.springframework.boot.test.context.SpringBootTestWebEnvironment@26df6e3a], resourceBasePath = 'src/main/webapp', contextLoader = 'org.springframework.boot.test.context.SpringBootContextLoader', parent = [null]], attributes = map['org.springframework.test.context.web.ServletTestExecutionListener.activateListener' -> true]], class annotated with @DirtiesContext [false] with mode [null].

  .   ____          _            __ _ _
 /\\ / ___'_ __ _ _(_)_ __  __ _ \ \ \ \
( ( )\___ | '_ | '_| | '_ \/ _` | \ \ \ \
 \\/  ___)| |_)| | | | | || (_| |  ) ) ) )
  '  |____| .__|_| |_|_| |_\__, | / / / /
 =========|_|==============|___/=/_/_/_/
 :: Spring Boot ::                (v2.7.8)

2023-02-10 16:18:54.265  INFO 7044 --- [    Test worker] c.s.application.ApplicationTests         : Starting ApplicationTests using Java 11.0.13 on DESKTOP-16M7MK4 with PID 7044 (started by bereket in C:\Users\bereket\Downloads\application (1)\application)
2023-02-10 16:18:54.267  INFO 7044 --- [    Test worker] c.s.application.ApplicationTests         : No active profile set, falling back to 1 default profile: "default"
2023-02-10 16:18:55.300  INFO 7044 --- [    Test worker] .s.d.r.c.RepositoryConfigurationDelegate : Bootstrapping Spring Data JPA repositories in DEFAULT mode.
2023-02-10 16:18:55.402  INFO 7044 --- [    Test worker] .s.d.r.c.RepositoryConfigurationDelegate : Finished Spring Data repository scanning in 88 ms. Found 3 JPA repository interfaces.
2023-02-10 16:18:56.367  INFO 7044 --- [    Test worker] o.hibernate.jpa.internal.util.LogHelper  : HHH000204: Processing PersistenceUnitInfo [name: default]
2023-02-10 16:18:56.454  INFO 7044 --- [    Test worker] org.hibernate.Version                    : HHH000412: Hibernate ORM core version 5.6.14.Final
2023-02-10 16:18:56.733  INFO 7044 --- [    Test worker] o.hibernate.annotations.common.Version   : HCANN000001: Hibernate Commons Annotations {5.1.2.Final}
2023-02-10 16:18:56.940  INFO 7044 --- [    Test worker] com.zaxxer.hikari.HikariDataSource       : HikariPool-1 - Starting...
2023-02-10 16:18:58.383  INFO 7044 --- [    Test worker] com.zaxxer.hikari.HikariDataSource       : HikariPool-1 - Start completed.
2023-02-10 16:18:58.434  INFO 7044 --- [    Test worker] org.hibernate.dialect.Dialect            : HHH000400: Using dialect: org.hibernate.dialect.MySQL5Dialect
2023-02-10 16:19:00.120  INFO 7044 --- [    Test worker] o.h.e.t.j.p.i.JtaPlatformInitiator       : HHH000490: Using JtaPlatform implementation: [org.hibernate.engine.transaction.jta.platform.internal.NoJtaPlatform]
2023-02-10 16:19:00.130  INFO 7044 --- [    Test worker] j.LocalContainerEntityManagerFactoryBean : Initialized JPA EntityManagerFactory for persistence unit 'default'
2023-02-10 16:19:01.078  WARN 7044 --- [    Test worker] JpaBaseConfiguration$JpaWebConfiguration : spring.jpa.open-in-view is enabled by default. Therefore, database queries may be performed during view rendering. Explicitly configure spring.jpa.open-in-view to disable this warning
2023-02-10 16:19:01.625  INFO 7044 --- [    Test worker] o.s.b.a.w.s.WelcomePageHandlerMapping    : Adding welcome page: class path resource [public/index.html]
2023-02-10 16:19:02.288  INFO 7044 --- [    Test worker] c.s.application.ApplicationTests         : Started ApplicationTests in 8.49 seconds (JVM running for 10.619)
]]></system-out>
  <system-err><![CDATA[]]></system-err>
</testsuite>
